<?xml version="1.0" encoding="UTF-8"?>
<!-- Generated by org.testng.reporters.JUnitXMLReporter -->
<testsuite ignored="0" hostname="ABHI" failures="0" tests="4" name="Test" time="50.255" errors="0" timestamp="2021-05-30T15:57:56 IST">
  <testcase classname="academyTest.LandingPageTest" name="clickOnSignIn" time="13.114"/>
  <testcase classname="academyTest.RegisterPageTest" name="registerExistingUser" time="18.218"/>
  <testcase classname="academyTest.SignInPageTest" name="verifyTitle" time="1.666"/>
  <testcase classname="academyTest.SignInPageTest" name="doSignIn" time="0.572"/>
</testsuite> <!-- Test -->
