<?xml version="1.0" encoding="UTF-8"?>
<!-- Generated by org.testng.reporters.JUnitXMLReporter -->
<testsuite ignored="0" hostname="ABHI" failures="1" tests="2" name="Validate SignInPage" time="25.569" errors="0" timestamp="2021-05-31T00:39:13 IST">
  <testcase classname="academyTest.SignInPageTest" name="verifyTitle" time="2.961">
    <failure type="java.lang.AssertionError" message="expected [WebServices Testing using SoapUI0123] but found [WebServices Testing using SoapUI]">
      <![CDATA[java.lang.AssertionError: expected [WebServices Testing using SoapUI0123] but found [WebServices Testing using SoapUI]
at academyTest.SignInPageTest.verifyTitle(SignInPageTest.java:46)
at java.base/java.util.ArrayList.forEach(ArrayList.java:1511)
at java.base/java.util.concurrent.FutureTask.run(FutureTask.java:264)
at java.base/java.util.concurrent.ThreadPoolExecutor.runWorker(ThreadPoolExecutor.java:1130)
at java.base/java.util.concurrent.ThreadPoolExecutor$Worker.run(ThreadPoolExecutor.java:630)
at java.base/java.lang.Thread.run(Thread.java:832)
... Removed 24 stack frames]]>
    </failure>
  </testcase> <!-- verifyTitle -->
  <testcase classname="academyTest.SignInPageTest" name="doSignIn" time="0.0">
    <skipped/>
  </testcase> <!-- doSignIn -->
</testsuite> <!-- Validate SignInPage -->
