<?xml version="1.0" encoding="UTF-8"?>
<testng-results skipped="0" failed="0" ignored="0" total="4" passed="4">
  <reporter-output>
  </reporter-output>
  <suite name="Suite" duration-ms="65387" started-at="2021-05-31T00:57:53 IST" finished-at="2021-05-31T00:58:59 IST">
    <groups>
    </groups>
    <test name="Validate SignInPage" duration-ms="46489" started-at="2021-05-31T00:57:53 IST" finished-at="2021-05-31T00:58:40 IST">
      <class name="academyTest.SignInPageTest">
        <test-method status="PASS" signature="initDriver()[pri:0, instance:academyTest.SignInPageTest@4b520ea8]" name="initDriver" is-config="true" duration-ms="28307" started-at="2021-05-31T00:57:53 IST" finished-at="2021-05-31T00:58:22 IST">
          <reporter-output>
          </reporter-output>
        </test-method> <!-- initDriver -->
        <test-method status="PASS" signature="verifyTitle()[pri:0, instance:academyTest.SignInPageTest@4b520ea8]" name="verifyTitle" duration-ms="7017" started-at="2021-05-31T00:58:22 IST" finished-at="2021-05-31T00:58:29 IST">
          <reporter-output>
          </reporter-output>
        </test-method> <!-- verifyTitle -->
        <test-method status="PASS" signature="doSignIn()[pri:0, instance:academyTest.SignInPageTest@4b520ea8]" name="doSignIn" duration-ms="6588" started-at="2021-05-31T00:58:29 IST" depends-on-methods="academyTest.SignInPageTest.verifyTitle" finished-at="2021-05-31T00:58:36 IST">
          <reporter-output>
          </reporter-output>
        </test-method> <!-- doSignIn -->
        <test-method status="PASS" signature="tearDown()[pri:0, instance:academyTest.SignInPageTest@4b520ea8]" name="tearDown" is-config="true" duration-ms="3993" started-at="2021-05-31T00:58:36 IST" finished-at="2021-05-31T00:58:40 IST">
          <reporter-output>
          </reporter-output>
        </test-method> <!-- tearDown -->
      </class> <!-- academyTest.SignInPageTest -->
    </test> <!-- Validate SignInPage -->
    <test name="Validate Landing Page" duration-ms="50234" started-at="2021-05-31T00:57:53 IST" finished-at="2021-05-31T00:58:44 IST">
      <class name="academyTest.LandingPageTest">
        <test-method status="PASS" signature="baseClassNavigation()[pri:0, instance:academyTest.LandingPageTest@5f8e8a9d]" name="baseClassNavigation" is-config="true" duration-ms="8582" started-at="2021-05-31T00:57:53 IST" finished-at="2021-05-31T00:58:02 IST">
          <reporter-output>
          </reporter-output>
        </test-method> <!-- baseClassNavigation -->
        <test-method status="PASS" signature="clickOnSignIn(java.lang.String,java.lang.String)[pri:0, instance:academyTest.LandingPageTest@5f8e8a9d]" name="clickOnSignIn" duration-ms="28068" started-at="2021-05-31T00:58:02 IST" data-provider="Logindata" finished-at="2021-05-31T00:58:30 IST">
          <params>
            <param index="0">
              <value>
                <![CDATA[abhishekarlur@gmail.com]]>
              </value>
            </param>
            <param index="1">
              <value>
                <![CDATA[Password@123]]>
              </value>
            </param>
          </params>
          <reporter-output>
          </reporter-output>
        </test-method> <!-- clickOnSignIn -->
        <test-method status="PASS" signature="teardown()[pri:0, instance:academyTest.LandingPageTest@5f8e8a9d]" name="teardown" is-config="true" duration-ms="13495" started-at="2021-05-31T00:58:30 IST" finished-at="2021-05-31T00:58:44 IST">
          <reporter-output>
          </reporter-output>
        </test-method> <!-- teardown -->
      </class> <!-- academyTest.LandingPageTest -->
    </test> <!-- Validate Landing Page -->
    <test name="Validate Register Page" duration-ms="65387" started-at="2021-05-31T00:57:53 IST" finished-at="2021-05-31T00:58:59 IST">
      <class name="academyTest.RegisterPageTest">
        <test-method status="PASS" signature="baseClassNavigation()[pri:0, instance:academyTest.RegisterPageTest@79207381]" name="baseClassNavigation" is-config="true" duration-ms="8645" started-at="2021-05-31T00:57:53 IST" finished-at="2021-05-31T00:58:02 IST">
          <reporter-output>
          </reporter-output>
        </test-method> <!-- baseClassNavigation -->
        <test-method status="PASS" signature="registerExistingUser(java.lang.String,java.lang.String,java.lang.String,java.lang.String)[pri:0, instance:academyTest.RegisterPageTest@79207381]" name="registerExistingUser" duration-ms="56341" started-at="2021-05-31T00:58:02 IST" data-provider="Registerdata" finished-at="2021-05-31T00:58:58 IST">
          <params>
            <param index="0">
              <value>
                <![CDATA[Abhishek Arloor]]>
              </value>
            </param>
            <param index="1">
              <value>
                <![CDATA[abhishekarlur@gmail.com]]>
              </value>
            </param>
            <param index="2">
              <value>
                <![CDATA[Password@123]]>
              </value>
            </param>
            <param index="3">
              <value>
                <![CDATA[Password@123]]>
              </value>
            </param>
          </params>
          <reporter-output>
          </reporter-output>
        </test-method> <!-- registerExistingUser -->
        <test-method status="PASS" signature="teardown()[pri:0, instance:academyTest.RegisterPageTest@79207381]" name="teardown" is-config="true" duration-ms="381" started-at="2021-05-31T00:58:58 IST" finished-at="2021-05-31T00:58:59 IST">
          <reporter-output>
          </reporter-output>
        </test-method> <!-- teardown -->
      </class> <!-- academyTest.RegisterPageTest -->
    </test> <!-- Validate Register Page -->
  </suite> <!-- Suite -->
</testng-results>
